To honour the JVM settings for this build a single-use Daemon process will be forked. For more on this, please refer to https://docs.gradle.org/8.14.3/userguide/gradle_daemon.html#sec:disabling_the_daemon in the Gradle documentation.
Daemon will be stopped at the end of the build 
> Task :gradle-plugin:settings-plugin:checkKotlinGradlePluginConfigurationErrors SKIPPED
> Task :expo-gradle-plugin:expo-autolinking-plugin-shared:checkKotlinGradlePluginConfigurationErrors SKIPPED
> Task :gradle-plugin:shared:checkKotlinGradlePluginConfigurationErrors SKIPPED
> Task :gradle-plugin:shared:compileKotlin UP-TO-DATE
> Task :expo-gradle-plugin:expo-autolinking-plugin-shared:compileKotlin UP-TO-DATE
> Task :expo-gradle-plugin:expo-autolinking-plugin-shared:compileJava NO-SOURCE
> Task :gradle-plugin:shared:compileJava NO-SOURCE
> Task :gradle-plugin:shared:processResources NO-SOURCE
> Task :expo-gradle-plugin:expo-autolinking-plugin-shared:processResources NO-SOURCE
> Task :gradle-plugin:shared:classes UP-TO-DATE
> Task :expo-gradle-plugin:expo-autolinking-plugin-shared:classes UP-TO-DATE
> Task :expo-gradle-plugin:expo-autolinking-plugin-shared:jar UP-TO-DATE
> Task :gradle-plugin:shared:jar UP-TO-DATE
> Task :expo-gradle-plugin:expo-autolinking-settings-plugin:checkKotlinGradlePluginConfigurationErrors SKIPPED
> Task :gradle-plugin:settings-plugin:compileKotlin UP-TO-DATE
> Task :gradle-plugin:settings-plugin:compileJava NO-SOURCE
> Task :gradle-plugin:settings-plugin:pluginDescriptors UP-TO-DATE
> Task :gradle-plugin:settings-plugin:processResources UP-TO-DATE
> Task :gradle-plugin:settings-plugin:classes UP-TO-DATE
> Task :gradle-plugin:settings-plugin:jar UP-TO-DATE
> Task :expo-gradle-plugin:expo-autolinking-settings-plugin:compileKotlin UP-TO-DATE
> Task :expo-gradle-plugin:expo-autolinking-settings-plugin:compileJava NO-SOURCE
> Task :expo-gradle-plugin:expo-autolinking-settings-plugin:pluginDescriptors UP-TO-DATE
> Task :expo-gradle-plugin:expo-autolinking-settings-plugin:processResources UP-TO-DATE
> Task :expo-gradle-plugin:expo-autolinking-settings-plugin:classes UP-TO-DATE
> Task :expo-gradle-plugin:expo-autolinking-settings-plugin:jar UP-TO-DATE
> Task :expo-gradle-plugin:expo-autolinking-plugin:checkKotlinGradlePluginConfigurationErrors SKIPPED
> Task :gradle-plugin:react-native-gradle-plugin:checkKotlinGradlePluginConfigurationErrors SKIPPED
> Task :expo-module-gradle-plugin:checkKotlinGradlePluginConfigurationErrors SKIPPED
> Task :expo-module-gradle-plugin:pluginDescriptors UP-TO-DATE
> Task :expo-module-gradle-plugin:processResources UP-TO-DATE
> Task :expo-gradle-plugin:expo-autolinking-plugin:compileKotlin UP-TO-DATE
> Task :expo-gradle-plugin:expo-autolinking-plugin:compileJava NO-SOURCE
> Task :expo-gradle-plugin:expo-autolinking-plugin:pluginDescriptors UP-TO-DATE
> Task :expo-gradle-plugin:expo-autolinking-plugin:processResources UP-TO-DATE
> Task :expo-gradle-plugin:expo-autolinking-plugin:classes UP-TO-DATE
> Task :gradle-plugin:react-native-gradle-plugin:compileKotlin UP-TO-DATE
> Task :gradle-plugin:react-native-gradle-plugin:compileJava NO-SOURCE
> Task :expo-gradle-plugin:expo-autolinking-plugin:jar UP-TO-DATE
> Task :gradle-plugin:react-native-gradle-plugin:pluginDescriptors UP-TO-DATE
> Task :gradle-plugin:react-native-gradle-plugin:processResources UP-TO-DATE
> Task :gradle-plugin:react-native-gradle-plugin:classes UP-TO-DATE
> Task :gradle-plugin:react-native-gradle-plugin:jar UP-TO-DATE
> Task :expo-module-gradle-plugin:compileKotlin UP-TO-DATE
> Task :expo-module-gradle-plugin:compileJava NO-SOURCE
> Task :expo-module-gradle-plugin:classes UP-TO-DATE
> Task :expo-module-gradle-plugin:jar UP-TO-DATE

> Configure project :
[32m[ExpoRootProject][0m Using the following versions:
  - buildTools:  [32m36.0.0[0m
  - minSdk:      [32m24[0m
  - compileSdk:  [32m36[0m
  - targetSdk:   [32m36[0m
  - ndk:         [32m27.1.12297006[0m
  - kotlin:      [32m2.1.20[0m
  - ksp:         [32m2.1.20-2.0.1[0m

> Configure project :expo

Using expo modules
  - [32mexpo-constants[0m (18.0.13)
  - [32mexpo-modules-core[0m (3.0.29)
  - [33m[?][0m [32mexpo-application[0m (7.0.8)
  - [33m[?][0m [32mexpo-asset[0m (12.0.12)
  - [33m[?][0m [32mexpo-audio[0m (1.1.1)
  - [33m[?][0m [32mexpo-av[0m (16.0.8)
  - [33m[?][0m [32mexpo-blur[0m (15.0.8)
  - [33m[?][0m [32mexpo-clipboard[0m (8.0.8)
  - [33m[?][0m [32mexpo-device[0m (8.0.10)
  - [33m[?][0m [32mexpo-file-system[0m (19.0.21)
  - [33m[?][0m [32mexpo-font[0m (14.0.11)
  - [33m[?][0m [32mexpo-haptics[0m (15.0.8)
  - [33m[?][0m [32mexpo-intent-launcher[0m (13.0.8)
  - [33m[?][0m [32mexpo-keep-awake[0m (15.0.8)
  - [33m[?][0m [32mexpo-linear-gradient[0m (15.0.8)
  - [33m[?][0m [32mexpo-localization[0m (17.0.8)
  - [33m[?][0m [32mexpo-notifications[0m (0.32.16)
  - [33m[?][0m [32mexpo-sensors[0m (15.0.8)
  - [33m[?][0m [32mexpo-splash-screen[0m (31.0.13)
  - [33m[?][0m [32mexpo-web-browser[0m (15.0.10)


> Task :app:generateAutolinkingNewArchitectureFiles
> Task :app:generateAutolinkingPackageList
> Task :app:generateCodegenSchemaFromJavaScript SKIPPED
> Task :app:generateCodegenArtifactsFromSchema SKIPPED
> Task :app:generateReactNativeEntryPoint
> Task :expo:generatePackagesList
> Task :expo:preBuild

> Task :expo-constants:createExpoConfig
The NODE_ENV environment variable is required but was not specified. Ensure the project is bundled with Expo CLI or NODE_ENV is set. Using only .env.local and .env

> Task :expo-constants:preBuild
> Task :expo-modules-core:preBuild UP-TO-DATE
> Task :react-native-async-storage_async-storage:generateCodegenSchemaFromJavaScript
> Task :react-native-async-storage_async-storage:generateCodegenArtifactsFromSchema
> Task :react-native-async-storage_async-storage:preBuild
> Task :react-native-masked-view_masked-view:preBuild UP-TO-DATE
> Task :react-native-pager-view:generateCodegenSchemaFromJavaScript
> Task :react-native-pager-view:generateCodegenArtifactsFromSchema
> Task :react-native-pager-view:preBuild
> Task :react-native-reanimated:assertMinimalReactNativeVersionTask
> Task :react-native-reanimated:assertNewArchitectureEnabledTask SKIPPED
> Task :react-native-reanimated:assertWorkletsVersionTask
> Task :react-native-reanimated:generateCodegenSchemaFromJavaScript
> Task :react-native-reanimated:generateCodegenArtifactsFromSchema
> Task :react-native-reanimated:prepareReanimatedHeadersForPrefabs
> Task :react-native-reanimated:preBuild
> Task :react-native-safe-area-context:generateCodegenSchemaFromJavaScript
> Task :react-native-safe-area-context:generateCodegenArtifactsFromSchema
> Task :react-native-safe-area-context:preBuild
> Task :react-native-screens:generateCodegenSchemaFromJavaScript
> Task :react-native-screens:generateCodegenArtifactsFromSchema
> Task :react-native-screens:preBuild
> Task :react-native-svg:generateCodegenSchemaFromJavaScript
> Task :react-native-svg:generateCodegenArtifactsFromSchema
> Task :react-native-svg:preBuild
> Task :react-native-worklets:assertMinimalReactNativeVersionTask
> Task :react-native-worklets:assertNewArchitectureEnabledTask SKIPPED
> Task :react-native-worklets:generateCodegenSchemaFromJavaScript
> Task :react-native-worklets:generateCodegenArtifactsFromSchema
> Task :react-native-worklets:prepareWorkletsHeadersForPrefabs
> Task :react-native-worklets:preBuild
> Task :stripe_stripe-react-native:generateCodegenSchemaFromJavaScript
> Task :stripe_stripe-react-native:generateCodegenArtifactsFromSchema
> Task :stripe_stripe-react-native:preBuild
> Task :app:preBuild
> Task :app:preReleaseBuild
> Task :react-native-reanimated:preReleaseBuild
> Task :react-native-worklets:preReleaseBuild
> Task :react-native-worklets:configureCMakeRelWithDebInfo[arm64-v8a]
> Task :react-native-worklets:configureCMakeRelWithDebInfo[armeabi-v7a]
> Task :react-native-worklets:configureCMakeRelWithDebInfo[x86]
> Task :react-native-worklets:configureCMakeRelWithDebInfo[x86_64]
> Task :react-native-worklets:generateJsonModelRelease
> Task :react-native-worklets:prefabReleaseConfigurePackage UP-TO-DATE
> Task :react-native-reanimated:configureCMakeRelWithDebInfo[arm64-v8a]
> Task :react-native-reanimated:configureCMakeRelWithDebInfo[armeabi-v7a]
> Task :react-native-reanimated:configureCMakeRelWithDebInfo[x86]
> Task :react-native-reanimated:configureCMakeRelWithDebInfo[x86_64]
> Task :react-native-reanimated:generateJsonModelRelease
> Task :react-native-reanimated:prefabReleaseConfigurePackage UP-TO-DATE
> Task :app:configureCMakeRelWithDebInfo[arm64-v8a]
> Task :react-native-worklets:buildCMakeRelWithDebInfo[arm64-v8a][worklets]
> Task :react-native-worklets:buildCMakeRelWithDebInfo[armeabi-v7a][worklets]
> Task :react-native-worklets:buildCMakeRelWithDebInfo[x86][worklets]
> Task :react-native-worklets:buildCMakeRelWithDebInfo[x86_64][worklets]
> Task :react-native-worklets:externalNativeBuildRelease
> Task :react-native-worklets:prefabReleasePackage
> Task :react-native-reanimated:buildCMakeRelWithDebInfo[arm64-v8a][reanimated]
> Task :react-native-reanimated:buildCMakeRelWithDebInfo[armeabi-v7a][reanimated]
> Task :react-native-reanimated:buildCMakeRelWithDebInfo[x86][reanimated]
> Task :react-native-reanimated:buildCMakeRelWithDebInfo[x86_64][reanimated]
> Task :react-native-worklets:mergeReleaseJniLibFolders
> Task :react-native-worklets:mergeReleaseNativeLibs
> Task :app:configureCMakeRelWithDebInfo[armeabi-v7a]
> Task :react-native-worklets:copyReleaseJniLibsProjectOnly
> Task :app:configureCMakeRelWithDebInfo[x86]
> Task :react-native-reanimated:externalNativeBuildRelease
> Task :react-native-reanimated:prefabReleasePackage
> Task :app:buildCMakeRelWithDebInfo[arm64-v8a]
> Task :app:buildCMakeRelWithDebInfo[armeabi-v7a]
> Task :app:buildCMakeRelWithDebInfo[x86]
> Task :app:configureCMakeRelWithDebInfo[x86_64]
> Task :app:buildCMakeRelWithDebInfo[x86_64]
> Task :app:mergeReleaseJniLibFolders
> Task :expo:preReleaseBuild
> Task :expo:mergeReleaseJniLibFolders
> Task :expo:mergeReleaseNativeLibs NO-SOURCE
> Task :expo-constants:preReleaseBuild
> Task :expo:copyReleaseJniLibsProjectOnly
> Task :expo-constants:mergeReleaseJniLibFolders
> Task :expo-constants:mergeReleaseNativeLibs NO-SOURCE
> Task :expo-modules-core:preReleaseBuild UP-TO-DATE
> Task :expo-constants:copyReleaseJniLibsProjectOnly
> Task :expo-modules-core:configureCMakeRelWithDebInfo[arm64-v8a]
> Task :expo-modules-core:buildCMakeRelWithDebInfo[arm64-v8a]
> Task :expo-modules-core:configureCMakeRelWithDebInfo[armeabi-v7a]
> Task :expo-modules-core:buildCMakeRelWithDebInfo[armeabi-v7a]
> Task :expo-modules-core:configureCMakeRelWithDebInfo[x86]
> Task :expo-modules-core:buildCMakeRelWithDebInfo[x86]
> Task :expo-modules-core:configureCMakeRelWithDebInfo[x86_64]
> Task :expo-modules-core:buildCMakeRelWithDebInfo[x86_64]
> Task :expo-modules-core:mergeReleaseJniLibFolders
> Task :react-native-async-storage_async-storage:preReleaseBuild
> Task :react-native-async-storage_async-storage:mergeReleaseJniLibFolders
> Task :react-native-async-storage_async-storage:mergeReleaseNativeLibs NO-SOURCE
> Task :react-native-masked-view_masked-view:preReleaseBuild UP-TO-DATE
> Task :react-native-async-storage_async-storage:copyReleaseJniLibsProjectOnly
> Task :react-native-masked-view_masked-view:mergeReleaseJniLibFolders
> Task :react-native-masked-view_masked-view:mergeReleaseNativeLibs NO-SOURCE
> Task :react-native-pager-view:preReleaseBuild
> Task :react-native-masked-view_masked-view:copyReleaseJniLibsProjectOnly
> Task :react-native-pager-view:mergeReleaseJniLibFolders
> Task :react-native-pager-view:mergeReleaseNativeLibs NO-SOURCE
> Task :react-native-pager-view:copyReleaseJniLibsProjectOnly
> Task :react-native-reanimated:mergeReleaseJniLibFolders
> Task :react-native-safe-area-context:preReleaseBuild
> Task :react-native-safe-area-context:mergeReleaseJniLibFolders
> Task :react-native-safe-area-context:mergeReleaseNativeLibs NO-SOURCE
> Task :react-native-screens:preReleaseBuild
> Task :react-native-safe-area-context:copyReleaseJniLibsProjectOnly
> Task :react-native-screens:configureCMakeRelWithDebInfo[arm64-v8a]
> Task :expo-modules-core:mergeReleaseNativeLibs
> Task :react-native-reanimated:mergeReleaseNativeLibs
> Task :react-native-screens:buildCMakeRelWithDebInfo[arm64-v8a]
> Task :react-native-screens:configureCMakeRelWithDebInfo[armeabi-v7a]
> Task :expo-modules-core:copyReleaseJniLibsProjectOnly
> Task :react-native-reanimated:copyReleaseJniLibsProjectOnly
> Task :react-native-screens:buildCMakeRelWithDebInfo[armeabi-v7a]
> Task :react-native-screens:configureCMakeRelWithDebInfo[x86]
> Task :react-native-screens:buildCMakeRelWithDebInfo[x86]
> Task :react-native-screens:configureCMakeRelWithDebInfo[x86_64]
> Task :react-native-screens:buildCMakeRelWithDebInfo[x86_64]
> Task :react-native-screens:mergeReleaseJniLibFolders
> Task :react-native-svg:preReleaseBuild
> Task :react-native-svg:mergeReleaseJniLibFolders
> Task :react-native-svg:mergeReleaseNativeLibs NO-SOURCE
> Task :stripe_stripe-react-native:preReleaseBuild
> Task :react-native-svg:copyReleaseJniLibsProjectOnly
> Task :react-native-screens:mergeReleaseNativeLibs
> Task :stripe_stripe-react-native:mergeReleaseJniLibFolders
> Task :stripe_stripe-react-native:mergeReleaseNativeLibs NO-SOURCE
> Task :stripe_stripe-react-native:checkKotlinGradlePluginConfigurationErrors SKIPPED
> Task :stripe_stripe-react-native:copyReleaseJniLibsProjectOnly
> Task :react-native-screens:copyReleaseJniLibsProjectOnly
> Task :stripe_stripe-react-native:dataBindingMergeDependencyArtifactsRelease
> Task :stripe_stripe-react-native:generateReleaseResValues
> Task :stripe_stripe-react-native:generateReleaseResources
> Task :stripe_stripe-react-native:packageReleaseResources
> Task :stripe_stripe-react-native:generateReleaseBuildConfig
> Task :react-native-pager-view:checkKotlinGradlePluginConfigurationErrors SKIPPED
> Task :stripe_stripe-react-native:javaPreCompileRelease
> Task :react-native-pager-view:generateReleaseBuildConfig
> Task :react-native-pager-view:generateReleaseResValues
> Task :react-native-pager-view:generateReleaseResources
> Task :stripe_stripe-react-native:parseReleaseLocalResources
> Task :react-native-pager-view:packageReleaseResources
> Task :stripe_stripe-react-native:dataBindingGenBaseClassesRelease
> Task :react-native-safe-area-context:checkKotlinGradlePluginConfigurationErrors SKIPPED
> Task :react-native-pager-view:javaPreCompileRelease
> Task :react-native-pager-view:parseReleaseLocalResources
> Task :react-native-safe-area-context:generateReleaseBuildConfig
> Task :react-native-safe-area-context:generateReleaseResValues
> Task :stripe_stripe-react-native:generateReleaseRFile
> Task :react-native-safe-area-context:generateReleaseResources
> Task :react-native-pager-view:generateReleaseRFile
> Task :react-native-safe-area-context:packageReleaseResources
> Task :react-native-screens:checkKotlinGradlePluginConfigurationErrors SKIPPED
> Task :react-native-safe-area-context:javaPreCompileRelease
> Task :react-native-safe-area-context:parseReleaseLocalResources
> Task :react-native-screens:generateReleaseBuildConfig
> Task :react-native-screens:generateReleaseResValues
> Task :react-native-safe-area-context:generateReleaseRFile
> Task :react-native-screens:generateReleaseResources
> Task :react-native-screens:packageReleaseResources
> Task :react-native-screens:javaPreCompileRelease
> Task :react-native-async-storage_async-storage:generateReleaseBuildConfig
> Task :react-native-async-storage_async-storage:generateReleaseResValues
> Task :react-native-screens:parseReleaseLocalResources
> Task :react-native-async-storage_async-storage:generateReleaseResources
> Task :react-native-screens:generateReleaseRFile
> Task :react-native-async-storage_async-storage:packageReleaseResources
> Task :react-native-async-storage_async-storage:parseReleaseLocalResources
> Task :react-native-async-storage_async-storage:javaPreCompileRelease
> Task :react-native-masked-view_masked-view:generateReleaseBuildConfig
> Task :react-native-masked-view_masked-view:generateReleaseResValues
> Task :react-native-async-storage_async-storage:generateReleaseRFile
> Task :react-native-masked-view_masked-view:generateReleaseResources
> Task :react-native-masked-view_masked-view:packageReleaseResources

> Task :react-native-pager-view:compileReleaseKotlin
w: file:///C:/Progetti/CardsOfMoralDecay/node_modules/react-native-pager-view/android/src/main/java/com/reactnativepagerview/PagerViewViewManager.kt:10:8 'object MapBuilder : Any' is deprecated. Use Kotlin's built-in collections extensions.
w: file:///C:/Progetti/CardsOfMoralDecay/node_modules/react-native-pager-view/android/src/main/java/com/reactnativepagerview/PagerViewViewManager.kt:41:19 'fun receiveCommand(view: NestedScrollableHost, commandName: String, args: ReadableArray?): Unit' is deprecated. args is not nullable, please update your method signature.
w: file:///C:/Progetti/CardsOfMoralDecay/node_modules/react-native-pager-view/android/src/main/java/com/reactnativepagerview/PagerViewViewManager.kt:91:26 The corresponding parameter in the supertype 'PagerViewViewManager' is named 'parent'. This may cause problems when calling this function with named arguments.
w: file:///C:/Progetti/CardsOfMoralDecay/node_modules/react-native-pager-view/android/src/main/java/com/reactnativepagerview/PagerViewViewManager.kt:204:16 'object MapBuilder : Any' is deprecated. Use Kotlin's built-in collections extensions.
w: file:///C:/Progetti/CardsOfMoralDecay/node_modules/react-native-pager-view/android/src/main/java/com/reactnativepagerview/PagerViewViewManager.kt:205:45 'object MapBuilder : Any' is deprecated. Use Kotlin's built-in collections extensions.
w: file:///C:/Progetti/CardsOfMoralDecay/node_modules/react-native-pager-view/android/src/main/java/com/reactnativepagerview/PagerViewViewManager.kt:206:57 'object MapBuilder : Any' is deprecated. Use Kotlin's built-in collections extensions.
w: file:///C:/Progetti/CardsOfMoralDecay/node_modules/react-native-pager-view/android/src/main/java/com/reactnativepagerview/PagerViewViewManager.kt:207:47 'object MapBuilder : Any' is deprecated. Use Kotlin's built-in collections extensions.
w: file:///C:/Progetti/CardsOfMoralDecay/node_modules/react-native-pager-view/android/src/main/java/com/reactnativepagerview/PagerViewViewPackage.kt:10:18 This declaration overrides a deprecated member but is not marked as deprecated itself. Add the '@Deprecated' annotation or suppress the diagnostic.
w: file:///C:/Progetti/CardsOfMoralDecay/node_modules/react-native-pager-view/android/src/main/java/com/reactnativepagerview/event/PageScrollEvent.kt:6:8 'interface RCTEventEmitter : JavaScriptModule' is deprecated. Use [RCTModernEventEmitter] instead.
w: file:///C:/Progetti/CardsOfMoralDecay/node_modules/react-native-pager-view/android/src/main/java/com/reactnativepagerview/event/PageScrollEvent.kt:21:82 'constructor<T : Event<T>>(viewTag: Int): Event<T>' is deprecated. Use constructor with explicit surfaceId instead.
w: file:///C:/Progetti/CardsOfMoralDecay/node_modules/react-native-pager-view/android/src/main/java/com/reactnativepagerview/event/PageScrollEvent.kt:27:18 This declaration overrides a deprecated member but is not marked as deprecated itself. Add the '@Deprecated' annotation or suppress the diagnostic.
w: file:///C:/Progetti/CardsOfMoralDecay/node_modules/react-native-pager-view/android/src/main/java/com/reactnativepagerview/event/PageScrollEvent.kt:27:44 'interface RCTEventEmitter : JavaScriptModule' is deprecated. Use [RCTModernEventEmitter] instead.
w: file:///C:/Progetti/CardsOfMoralDecay/node_modules/react-native-pager-view/android/src/main/java/com/reactnativepagerview/event/PageScrollEvent.kt:28:25 'fun receiveEvent(targetTag: Int, eventName: String, params: WritableMap?): Unit' is deprecated. Use [RCTModernEventEmitter.receiveEvent] instead.
w: file:///C:/Progetti/CardsOfMoralDecay/node_modules/react-native-pager-view/android/src/main/java/com/reactnativepagerview/event/PageScrollStateChangedEvent.kt:6:8 'interface RCTEventEmitter : JavaScriptModule' is deprecated. Use [RCTModernEventEmitter] instead.
w: file:///C:/Progetti/CardsOfMoralDecay/node_modules/react-native-pager-view/android/src/main/java/com/reactnativepagerview/event/PageScrollStateChangedEvent.kt:15:89 'constructor<T : Event<T>>(viewTag: Int): Event<T>' is deprecated. Use constructor with explicit surfaceId instead.
w: file:///C:/Progetti/CardsOfMoralDecay/node_modules/react-native-pager-view/android/src/main/java/com/reactnativepagerview/event/PageScrollStateChangedEvent.kt:20:18 This declaration overrides a deprecated member but is not marked as deprecated itself. Add the '@Deprecated' annotation or suppress the diagnostic.
w: file:///C:/Progetti/CardsOfMoralDecay/node_modules/react-native-pager-view/android/src/main/java/com/reactnativepagerview/event/PageScrollStateChangedEvent.kt:20:44 'interface RCTEventEmitter : JavaScriptModule' is deprecated. Use [RCTModernEventEmitter] instead.
w: file:///C:/Progetti/CardsOfMoralDecay/node_modules/react-native-pager-view/android/src/main/java/com/reactnativepagerview/event/PageScrollStateChangedEvent.kt:21:25 'fun receiveEvent(targetTag: Int, eventName: String, params: WritableMap?): Unit' is deprecated. Use [RCTModernEventEmitter.receiveEvent] instead.
w: file:///C:/Progetti/CardsOfMoralDecay/node_modules/react-native-pager-view/android/src/main/java/com/reactnativepagerview/event/PageSelectedEvent.kt:6:8 'interface RCTEventEmitter : JavaScriptModule' is deprecated. Use [RCTModernEventEmitter] instead.
w: file:///C:/Progetti/CardsOfMoralDecay/node_modules/react-native-pager-view/android/src/main/java/com/reactnativepagerview/event/PageSelectedEvent.kt:15:69 'constructor<T : Event<T>>(viewTag: Int): Event<T>' is deprecated. Use constructor with explicit surfaceId instead.
w: file:///C:/Progetti/CardsOfMoralDecay/node_modules/react-native-pager-view/android/src/main/java/com/reactnativepagerview/event/PageSelectedEvent.kt:24:18 This declaration overrides a deprecated member but is not marked as deprecated itself. Add the '@Deprecated' annotation or suppress the diagnostic.
w: file:///C:/Progetti/CardsOfMoralDecay/node_modules/react-native-pager-view/android/src/main/java/com/reactnativepagerview/event/PageSelectedEvent.kt:24:44 'interface RCTEventEmitter : JavaScriptModule' is deprecated. Use [RCTModernEventEmitter] instead.
w: file:///C:/Progetti/CardsOfMoralDecay/node_modules/react-native-pager-view/android/src/main/java/com/reactnativepagerview/event/PageSelectedEvent.kt:25:25 'fun receiveEvent(targetTag: Int, eventName: String, params: WritableMap?): Unit' is deprecated. Use [RCTModernEventEmitter.receiveEvent] instead.

> Task :react-native-safe-area-context:compileReleaseKotlin
w: file:///C:/Progetti/CardsOfMoralDecay/node_modules/react-native-safe-area-context/android/src/main/java/com/th3rdwave/safeareacontext/SafeAreaView.kt:59:23 'val uiImplementation: UIImplementation!' is deprecated. Deprecated in Java.

> Task :react-native-async-storage_async-storage:compileReleaseJavaWithJavac
Note: Some input files use or override a deprecated API.
Note: Recompile with -Xlint:deprecation for details.
Note: C:\Progetti\CardsOfMoralDecay\node_modules\@react-native-async-storage\async-storage\android\src\javaPackage\java\com\reactnativecommunity\asyncstorage\AsyncStoragePackage.java uses unchecked or unsafe operations.
Note: Recompile with -Xlint:unchecked for details.

> Task :app:mergeReleaseNativeLibs
> Task :react-native-pager-view:compileReleaseJavaWithJavac
> Task :react-native-pager-view:bundleLibRuntimeToDirRelease
> Task :react-native-safe-area-context:compileReleaseJavaWithJavac
> Task :expo:checkKotlinGradlePluginConfigurationErrors SKIPPED
> Task :react-native-masked-view_masked-view:parseReleaseLocalResources
> Task :react-native-masked-view_masked-view:javaPreCompileRelease
> Task :expo:generateReleaseBuildConfig
> Task :expo:generateReleaseResValues
> Task :react-native-masked-view_masked-view:generateReleaseRFile
> Task :expo:generateReleaseResources
> Task :react-native-async-storage_async-storage:bundleLibRuntimeToDirRelease
> Task :react-native-safe-area-context:bundleLibRuntimeToDirRelease
> Task :app:stripReleaseDebugSymbols

> Task :react-native-masked-view_masked-view:compileReleaseJavaWithJavac
Note: C:\Progetti\CardsOfMoralDecay\node_modules\@react-native-masked-view\masked-view\android\src\main\java\org\reactnative\maskedview\RNCMaskedViewPackage.java uses or overrides a deprecated API.
Note: Recompile with -Xlint:deprecation for details.

> Task :react-native-masked-view_masked-view:bundleLibRuntimeToDirRelease
> Task :expo:packageReleaseResources
> Task :expo-constants:checkKotlinGradlePluginConfigurationErrors SKIPPED
> Task :expo-constants:generateReleaseBuildConfig
> Task :expo-constants:generateReleaseResValues
> Task :expo-constants:generateReleaseResources
> Task :expo-constants:packageReleaseResources
> Task :expo-modules-core:checkKotlinGradlePluginConfigurationErrors SKIPPED
> Task :expo-modules-core:generateReleaseBuildConfig
> Task :expo-modules-core:generateReleaseResValues
> Task :expo-modules-core:generateReleaseResources
> Task :expo-modules-core:packageReleaseResources
> Task :expo-modules-core:javaPreCompileRelease
> Task :expo-constants:parseReleaseLocalResources
> Task :expo-constants:generateReleaseRFile
> Task :expo:parseReleaseLocalResources
> Task :expo:javaPreCompileRelease
> Task :expo-modules-core:parseReleaseLocalResources
> Task :react-native-reanimated:generateReleaseBuildConfig
> Task :expo:generateReleaseRFile
> Task :react-native-reanimated:generateReleaseResValues
> Task :react-native-reanimated:generateReleaseResources
> Task :react-native-reanimated:packageReleaseResources
> Task :react-native-reanimated:javaPreCompileRelease
> Task :react-native-worklets:generateReleaseBuildConfig
> Task :react-native-worklets:generateReleaseResValues
> Task :react-native-worklets:generateReleaseResources
> Task :react-native-worklets:packageReleaseResources
> Task :expo-constants:javaPreCompileRelease
> Task :react-native-reanimated:parseReleaseLocalResources
> Task :react-native-svg:generateReleaseBuildConfig
> Task :react-native-svg:generateReleaseResValues
> Task :expo-modules-core:generateReleaseRFile
> Task :react-native-svg:generateReleaseResources
> Task :react-native-worklets:javaPreCompileRelease
> Task :react-native-reanimated:generateReleaseRFile
> Task :react-native-worklets:parseReleaseLocalResources
> Task :app:extractReleaseNativeSymbolTables
> Task :react-native-worklets:generateReleaseRFile
> Task :react-native-svg:packageReleaseResources

> Task :react-native-worklets:compileReleaseJavaWithJavac
Note: C:\Progetti\CardsOfMoralDecay\node_modules\react-native-worklets\android\src\main\java\com\swmansion\worklets\WorkletsPackage.java uses unchecked or unsafe operations.
Note: Recompile with -Xlint:unchecked for details.

> Task :react-native-svg:parseReleaseLocalResources
> Task :react-native-svg:javaPreCompileRelease
> Task :react-native-worklets:bundleLibCompileToJarRelease
> Task :react-native-svg:generateReleaseRFile
> Task :react-native-worklets:bundleLibRuntimeToDirRelease

> Task :react-native-reanimated:compileReleaseJavaWithJavac
Note: Some input files use or override a deprecated API.
Note: Recompile with -Xlint:deprecation for details.
Note: Some input files use unchecked or unsafe operations.
Note: Recompile with -Xlint:unchecked for details.

> Task :react-native-reanimated:bundleLibRuntimeToDirRelease

> Task :stripe_stripe-react-native:compileReleaseKotlin
w: file:///C:/Progetti/CardsOfMoralDecay/node_modules/@stripe/stripe-react-native/android/src/main/java/com/reactnativestripesdk/CustomPaymentMethodActivity.kt:25:5 'fun overridePendingTransition(p0: Int, p1: Int): Unit' is deprecated. Deprecated in Java.
w: file:///C:/Progetti/CardsOfMoralDecay/node_modules/@stripe/stripe-react-native/android/src/main/java/com/reactnativestripesdk/CustomPaymentMethodActivity.kt:56:5 'fun overridePendingTransition(p0: Int, p1: Int): Unit' is deprecated. Deprecated in Java.
w: file:///C:/Progetti/CardsOfMoralDecay/node_modules/@stripe/stripe-react-native/android/src/main/java/com/reactnativestripesdk/FinancialConnectionsSheetFragment.kt:301:9 Duplicate branch condition in 'when'.
w: file:///C:/Progetti/CardsOfMoralDecay/node_modules/@stripe/stripe-react-native/android/src/main/java/com/reactnativestripesdk/GooglePayRequestHelper.kt:127:25 'static fun <TResult : AutoResolvableResult!> resolveTask(p0: Task<TResult!>, p1: Activity, p2: Int): Unit' is deprecated. Deprecated in Java.
w: file:///C:/Progetti/CardsOfMoralDecay/node_modules/@stripe/stripe-react-native/android/src/main/java/com/reactnativestripesdk/PaymentSheetAppearance.kt:547:37 'fun get(p0: String!): Any?' is deprecated. Deprecated in Java.
w: file:///C:/Progetti/CardsOfMoralDecay/node_modules/@stripe/stripe-react-native/android/src/main/java/com/reactnativestripesdk/PaymentSheetAppearance.kt:566:37 'fun get(p0: String!): Any?' is deprecated. Deprecated in Java.
w: file:///C:/Progetti/CardsOfMoralDecay/node_modules/@stripe/stripe-react-native/android/src/main/java/com/reactnativestripesdk/PaymentSheetAppearance.kt:600:37 'fun get(p0: String!): Any?' is deprecated. Deprecated in Java.
w: file:///C:/Progetti/CardsOfMoralDecay/node_modules/@stripe/stripe-react-native/android/src/main/java/com/reactnativestripesdk/PaymentSheetFragment.kt:130:66 'val drawableResourceId: Int' is deprecated. Please use icon() instead.
w: file:///C:/Progetti/CardsOfMoralDecay/node_modules/@stripe/stripe-react-native/android/src/main/java/com/reactnativestripesdk/PaymentSheetFragment.kt:393:66 'val drawableResourceId: Int' is deprecated. Please use icon() instead.
w: file:///C:/Progetti/CardsOfMoralDecay/node_modules/@stripe/stripe-react-native/android/src/main/java/com/reactnativestripesdk/StripeSdkModule.kt:1339:6 'val currentActivity: Activity?' is deprecated. Deprecated in 0.80.0. Use getReactApplicationContext.getCurrentActivity() instead.
w: file:///C:/Progetti/CardsOfMoralDecay/node_modules/@stripe/stripe-react-native/android/src/main/java/com/reactnativestripesdk/StripeSdkModule.kt:1339:6 This synthetic property is based on the getter function 'fun getCurrentActivity(): Activity?' from Kotlin. In the future, synthetic properties will be available only if the base getter function came from Java. Consider replacing this property access with a 'getCurrentActivity()' function call.
w: file:///C:/Progetti/CardsOfMoralDecay/node_modules/@stripe/stripe-react-native/android/src/main/java/com/reactnativestripesdk/StripeSdkModule.kt:1393:5 'val currentActivity: Activity?' is deprecated. Deprecated in 0.80.0. Use getReactApplicationContext.getCurrentActivity() instead.
w: file:///C:/Progetti/CardsOfMoralDecay/node_modules/@stripe/stripe-react-native/android/src/main/java/com/reactnativestripesdk/StripeSdkModule.kt:1393:5 This synthetic property is based on the getter function 'fun getCurrentActivity(): Activity?' from Kotlin. In the future, synthetic properties will be available only if the base getter function came from Java. Consider replacing this property access with a 'getCurrentActivity()' function call.
w: file:///C:/Progetti/CardsOfMoralDecay/node_modules/@stripe/stripe-react-native/android/src/main/java/com/reactnativestripesdk/StripeSdkModule.kt:1399:9 'val currentActivity: Activity?' is deprecated. Deprecated in 0.80.0. Use getReactApplicationContext.getCurrentActivity() instead.
w: file:///C:/Progetti/CardsOfMoralDecay/node_modules/@stripe/stripe-react-native/android/src/main/java/com/reactnativestripesdk/StripeSdkModule.kt:1399:9 This synthetic property is based on the getter function 'fun getCurrentActivity(): Activity?' from Kotlin. In the future, synthetic properties will be available only if the base getter function came from Java. Consider replacing this property access with a 'getCurrentActivity()' function call.
w: file:///C:/Progetti/CardsOfMoralDecay/node_modules/@stripe/stripe-react-native/android/src/main/java/com/reactnativestripesdk/pushprovisioning/TapAndPayProxy.kt:28:39 Unchecked cast of 'Any!' to 'Task<List<Any>>'.
w: file:///C:/Progetti/CardsOfMoralDecay/node_modules/@stripe/stripe-react-native/android/src/main/java/com/reactnativestripesdk/utils/Mappers.kt:231:5 'when' is exhaustive so 'else' is redundant here.
w: file:///C:/Progetti/CardsOfMoralDecay/node_modules/@stripe/stripe-react-native/android/src/main/java/com/reactnativestripesdk/utils/Mappers.kt:961:62 Unchecked cast of 'ArrayList<Any?>' to 'ArrayList<String>'.
w: file:///C:/Progetti/CardsOfMoralDecay/node_modules/@stripe/stripe-react-native/android/src/main/java/com/reactnativestripesdk/utils/Mappers.kt:962:60 Unchecked cast of 'ArrayList<Any?>' to 'ArrayList<Int>'.
w: file:///C:/Progetti/CardsOfMoralDecay/node_modules/@stripe/stripe-react-native/android/src/main/java/com/reactnativestripesdk/utils/Mappers.kt:971:7 'when' is exhaustive so 'else' is redundant here.
w: file:///C:/Progetti/CardsOfMoralDecay/node_modules/@stripe/stripe-react-native/android/src/main/java/com/reactnativestripesdk/utils/Mappers.kt:1037:52 Unchecked cast of 'Map<*, *>' to 'Map<String, Any?>'.
w: file:///C:/Progetti/CardsOfMoralDecay/node_modules/@stripe/stripe-react-native/android/src/main/java/com/reactnativestripesdk/utils/Mappers.kt:1056:54 Unchecked cast of 'Map<*, *>' to 'Map<String, Any?>'.
w: file:///C:/Progetti/CardsOfMoralDecay/node_modules/@stripe/stripe-react-native/android/src/main/java/com/reactnativestripesdk/utils/Mappers.kt:1072:49 'fun getSerializable(p0: String?): Serializable?' is deprecated. Deprecated in Java.
w: file:///C:/Progetti/CardsOfMoralDecay/node_modules/@stripe/stripe-react-native/android/src/main/java/com/reactnativestripesdk/utils/Mappers.kt:1072:112 Unchecked cast of 'Serializable?' to 'HashMap<String, Any>'.
w: file:///C:/Progetti/CardsOfMoralDecay/node_modules/@stripe/stripe-react-native/android/src/main/java/com/reactnativestripesdk/utils/Mappers.kt:1074:70 Unchecked cast of 'Any?' to 'List<HashMap<String, Any>>'.

> Task :react-native-screens:compileReleaseKotlin
w: file:///C:/Progetti/CardsOfMoralDecay/node_modules/react-native-screens/android/src/main/java/com/swmansion/rnscreens/RNScreensPackage.kt:58:9 The corresponding parameter in the supertype 'BaseReactPackage' is named 'name'. This may cause problems when calling this function with named arguments.
w: file:///C:/Progetti/CardsOfMoralDecay/node_modules/react-native-screens/android/src/main/java/com/swmansion/rnscreens/RNScreensPackage.kt:59:9 The corresponding parameter in the supertype 'BaseReactPackage' is named 'reactContext'. This may cause problems when calling this function with named arguments.
w: file:///C:/Progetti/CardsOfMoralDecay/node_modules/react-native-screens/android/src/main/java/com/swmansion/rnscreens/RNScreensPackage.kt:72:17 'constructor(name: String, className: String, canOverrideExistingModule: Boolean, needsEagerInit: Boolean, hasConstants: Boolean, isCxxModule: Boolean, isTurboModule: Boolean): ReactModuleInfo' is deprecated. This constructor is deprecated and will be removed in the future. Use ReactModuleInfo(String, String, boolean, boolean, boolean, boolean)].
w: file:///C:/Progetti/CardsOfMoralDecay/node_modules/react-native-screens/android/src/main/java/com/swmansion/rnscreens/Screen.kt:53:77 Unchecked cast of '(CoordinatorLayout.Behavior<View!>?..CoordinatorLayout.Behavior<*>?)' to 'BottomSheetBehavior<Screen>'.
w: file:///C:/Progetti/CardsOfMoralDecay/node_modules/react-native-screens/android/src/main/java/com/swmansion/rnscreens/ScreenStackFragment.kt:222:31 'var targetElevation: Float' is deprecated. Deprecated in Java.
w: file:///C:/Progetti/CardsOfMoralDecay/node_modules/react-native-screens/android/src/main/java/com/swmansion/rnscreens/ScreenStackFragment.kt:225:13 'fun setHasOptionsMenu(p0: Boolean): Unit' is deprecated. Deprecated in Java.
w: file:///C:/Progetti/CardsOfMoralDecay/node_modules/react-native-screens/android/src/main/java/com/swmansion/rnscreens/ScreenStackFragment.kt:404:18 This declaration overrides a deprecated member but is not marked as deprecated itself. Add the '@Deprecated' annotation or suppress the diagnostic.
w: file:///C:/Progetti/CardsOfMoralDecay/node_modules/react-native-screens/android/src/main/java/com/swmansion/rnscreens/ScreenStackFragment.kt:411:22 'fun onPrepareOptionsMenu(p0: Menu): Unit' is deprecated. Deprecated in Java.
w: file:///C:/Progetti/CardsOfMoralDecay/node_modules/react-native-screens/android/src/main/java/com/swmansion/rnscreens/ScreenStackFragment.kt:414:18 This declaration overrides a deprecated member but is not marked as deprecated itself. Add the '@Deprecated' annotation or suppress the diagnostic.
w: file:///C:/Progetti/CardsOfMoralDecay/node_modules/react-native-screens/android/src/main/java/com/swmansion/rnscreens/ScreenStackFragment.kt:419:22 'fun onCreateOptionsMenu(p0: Menu, p1: MenuInflater): Unit' is deprecated. Deprecated in Java.
w: file:///C:/Progetti/CardsOfMoralDecay/node_modules/react-native-screens/android/src/main/java/com/swmansion/rnscreens/ScreenStackHeaderConfig.kt:435:18 'val reactNativeHost: ReactNativeHost' is deprecated. You should not use ReactNativeHost directly in the New Architecture. Use ReactHost instead.
w: file:///C:/Progetti/CardsOfMoralDecay/node_modules/react-native-screens/android/src/main/java/com/swmansion/rnscreens/ScreenWindowTraits.kt:48:42 'fun replaceSystemWindowInsets(p0: Int, p1: Int, p2: Int, p3: Int): WindowInsetsCompat' is deprecated. Deprecated in Java.
w: file:///C:/Progetti/CardsOfMoralDecay/node_modules/react-native-screens/android/src/main/java/com/swmansion/rnscreens/ScreenWindowTraits.kt:49:39 'val systemWindowInsetLeft: Int' is deprecated. Deprecated in Java.
w: file:///C:/Progetti/CardsOfMoralDecay/node_modules/react-native-screens/android/src/main/java/com/swmansion/rnscreens/ScreenWindowTraits.kt:51:39 'val systemWindowInsetRight: Int' is deprecated. Deprecated in Java.
w: file:///C:/Progetti/CardsOfMoralDecay/node_modules/react-native-screens/android/src/main/java/com/swmansion/rnscreens/ScreenWindowTraits.kt:52:39 'val systemWindowInsetBottom: Int' is deprecated. Deprecated in Java.
w: file:///C:/Progetti/CardsOfMoralDecay/node_modules/react-native-screens/android/src/main/java/com/swmansion/rnscreens/bottomsheet/BottomSheetDialogRootView.kt:7:8 'object ReactFeatureFlags : Any' is deprecated. Use com.facebook.react.internal.featureflags.ReactNativeFeatureFlags instead.
w: file:///C:/Progetti/CardsOfMoralDecay/node_modules/react-native-screens/android/src/main/java/com/swmansion/rnscreens/bottomsheet/BottomSheetDialogRootView.kt:25:13 'object ReactFeatureFlags : Any' is deprecated. Use com.facebook.react.internal.featureflags.ReactNativeFeatureFlags instead.
w: file:///C:/Progetti/CardsOfMoralDecay/node_modules/react-native-screens/android/src/main/java/com/swmansion/rnscreens/bottomsheet/BottomSheetDialogRootView.kt:32:9 The corresponding parameter in the supertype 'ReactViewGroup' is named 'left'. This may cause problems when calling this function with named arguments.
w: file:///C:/Progetti/CardsOfMoralDecay/node_modules/react-native-screens/android/src/main/java/com/swmansion/rnscreens/bottomsheet/BottomSheetDialogRootView.kt:33:9 The corresponding parameter in the supertype 'ReactViewGroup' is named 'top'. This may cause problems when calling this function with named arguments.
w: file:///C:/Progetti/CardsOfMoralDecay/node_modules/react-native-screens/android/src/main/java/com/swmansion/rnscreens/bottomsheet/BottomSheetDialogRootView.kt:34:9 The corresponding parameter in the supertype 'ReactViewGroup' is named 'right'. This may cause problems when calling this function with named arguments.
w: file:///C:/Progetti/CardsOfMoralDecay/node_modules/react-native-screens/android/src/main/java/com/swmansion/rnscreens/bottomsheet/BottomSheetDialogRootView.kt:35:9 The corresponding parameter in the supertype 'ReactViewGroup' is named 'bottom'. This may cause problems when calling this function with named arguments.
w: file:///C:/Progetti/CardsOfMoralDecay/node_modules/react-native-screens/android/src/main/java/com/swmansion/rnscreens/bottomsheet/BottomSheetDialogRootView.kt:71:9 The corresponding parameter in the supertype 'RootView' is named 'childView'. This may cause problems when calling this function with named arguments.
w: file:///C:/Progetti/CardsOfMoralDecay/node_modules/react-native-screens/android/src/main/java/com/swmansion/rnscreens/bottomsheet/BottomSheetDialogRootView.kt:72:9 The corresponding parameter in the supertype 'RootView' is named 'ev'. This may cause problems when calling this function with named arguments.
w: file:///C:/Progetti/CardsOfMoralDecay/node_modules/react-native-screens/android/src/main/java/com/swmansion/rnscreens/bottomsheet/BottomSheetDialogRootView.kt:79:46 The corresponding parameter in the supertype 'RootView' is named 'ev'. This may cause problems when calling this function with named arguments.
w: file:///C:/Progetti/CardsOfMoralDecay/node_modules/react-native-screens/android/src/main/java/com/swmansion/rnscreens/bottomsheet/BottomSheetDialogRootView.kt:83:9 The corresponding parameter in the supertype 'RootView' is named 'childView'. This may cause problems when calling this function with named arguments.
w: file:///C:/Progetti/CardsOfMoralDecay/node_modules/react-native-screens/android/src/main/java/com/swmansion/rnscreens/bottomsheet/BottomSheetDialogRootView.kt:84:9 The corresponding parameter in the supertype 'RootView' is named 'ev'. This may cause problems when calling this function with named arguments.
w: file:///C:/Progetti/CardsOfMoralDecay/node_modules/react-native-screens/android/src/main/java/com/swmansion/rnscreens/bottomsheet/BottomSheetDialogRootView.kt:95:34 The corresponding parameter in the supertype 'RootView' is named 't'. This may cause problems when calling this function with named arguments.
w: file:///C:/Progetti/CardsOfMoralDecay/node_modules/react-native-screens/android/src/main/java/com/swmansion/rnscreens/bottomsheet/DimmingView.kt:63:9 The corresponding parameter in the supertype 'ReactCompoundView' is named 'touchX'. This may cause problems when calling this function with named arguments.
w: file:///C:/Progetti/CardsOfMoralDecay/node_modules/react-native-screens/android/src/main/java/com/swmansion/rnscreens/bottomsheet/DimmingView.kt:64:9 The corresponding parameter in the supertype 'ReactCompoundView' is named 'touchY'. This may cause problems when calling this function with named arguments.
w: file:///C:/Progetti/CardsOfMoralDecay/node_modules/react-native-screens/android/src/main/java/com/swmansion/rnscreens/bottomsheet/DimmingView.kt:68:9 The corresponding parameter in the supertype 'ReactCompoundViewGroup' is named 'touchX'. This may cause problems when calling this function with named arguments.
w: file:///C:/Progetti/CardsOfMoralDecay/node_modules/react-native-screens/android/src/main/java/com/swmansion/rnscreens/bottomsheet/DimmingView.kt:69:9 The corresponding parameter in the supertype 'ReactCompoundViewGroup' is named 'touchY'. This may cause problems when calling this function with named arguments.
w: file:///C:/Progetti/CardsOfMoralDecay/node_modules/react-native-screens/android/src/main/java/com/swmansion/rnscreens/gamma/tabs/TabsHostViewManager.kt:37:9 The corresponding parameter in the supertype 'TabsHostViewManager' is named 'view'. This may cause problems when calling this function with named arguments.
w: file:///C:/Progetti/CardsOfMoralDecay/node_modules/react-native-screens/android/src/main/java/com/swmansion/rnscreens/safearea/SafeAreaView.kt:153:45 'fun consumeDisplayCutout(): WindowInsetsCompat' is deprecated. Deprecated in Java.
w: file:///C:/Progetti/CardsOfMoralDecay/node_modules/react-native-screens/android/src/main/java/com/swmansion/rnscreens/safearea/SafeAreaView.kt:201:31 'val uiImplementation: UIImplementation!' is deprecated. Deprecated in Java.

> Task :app:mergeReleaseNativeDebugMetadata

> Task :react-native-svg:compileReleaseJavaWithJavac
Note: Some input files use or override a deprecated API.
Note: Recompile with -Xlint:deprecation for details.
Note: Some input files use unchecked or unsafe operations.
Note: Recompile with -Xlint:unchecked for details.

> Task :stripe_stripe-react-native:compileReleaseJavaWithJavac
> Task :stripe_stripe-react-native:bundleLibRuntimeToDirRelease
> Task :react-native-screens:compileReleaseJavaWithJavac
> Task :app:buildKotlinToolingMetadata
> Task :app:checkKotlinGradlePluginConfigurationErrors SKIPPED
> Task :app:generateReleaseBuildConfig
> Task :expo-constants:writeReleaseAarMetadata
> Task :expo:writeReleaseAarMetadata
> Task :expo-modules-core:writeReleaseAarMetadata
> Task :react-native-async-storage_async-storage:writeReleaseAarMetadata
> Task :react-native-masked-view_masked-view:writeReleaseAarMetadata
> Task :react-native-pager-view:writeReleaseAarMetadata
> Task :react-native-reanimated:writeReleaseAarMetadata
> Task :react-native-svg:bundleLibRuntimeToDirRelease
> Task :react-native-safe-area-context:writeReleaseAarMetadata
> Task :react-native-screens:writeReleaseAarMetadata
> Task :react-native-svg:writeReleaseAarMetadata
> Task :react-native-worklets:writeReleaseAarMetadata
> Task :stripe_stripe-react-native:writeReleaseAarMetadata
> Task :app:checkReleaseDuplicateClasses
> Task :react-native-screens:bundleLibRuntimeToDirRelease

> Task :app:createBundleReleaseJsAndAssets
Starting Metro Bundler
warning: Bundler cache is empty, rebuilding (this may take a minute)

> Task :expo-modules-core:compileReleaseKotlin
w: file:///C:/Progetti/CardsOfMoralDecay/node_modules/expo-modules-core/android/src/main/java/expo/modules/adapters/react/apploader/RNHeadlessAppLoader.kt:48:87 'val reactNativeHost: ReactNativeHost' is deprecated. You should not use ReactNativeHost directly in the New Architecture. Use ReactHost instead.
w: file:///C:/Progetti/CardsOfMoralDecay/node_modules/expo-modules-core/android/src/main/java/expo/modules/adapters/react/apploader/RNHeadlessAppLoader.kt:91:85 'val reactNativeHost: ReactNativeHost' is deprecated. You should not use ReactNativeHost directly in the New Architecture. Use ReactHost instead.
w: file:///C:/Progetti/CardsOfMoralDecay/node_modules/expo-modules-core/android/src/main/java/expo/modules/adapters/react/apploader/RNHeadlessAppLoader.kt:120:83 'val reactNativeHost: ReactNativeHost' is deprecated. You should not use ReactNativeHost directly in the New Architecture. Use ReactHost instead.
w: file:///C:/Progetti/CardsOfMoralDecay/node_modules/expo-modules-core/android/src/main/java/expo/modules/apploader/AppLoaderProvider.kt:34:52 Unchecked cast of 'Class<*>!' to 'Class<out HeadlessAppLoader>'.
w: file:///C:/Progetti/CardsOfMoralDecay/node_modules/expo-modules-core/android/src/main/java/expo/modules/kotlin/AppContext.kt:30:8 'typealias ErrorManagerModule = JSLoggerModule' is deprecated. Use JSLoggerModule instead.
w: file:///C:/Progetti/CardsOfMoralDecay/node_modules/expo-modules-core/android/src/main/java/expo/modules/kotlin/AppContext.kt:253:21 'typealias ErrorManagerModule = JSLoggerModule' is deprecated. Use JSLoggerModule instead.
w: file:///C:/Progetti/CardsOfMoralDecay/node_modules/expo-modules-core/android/src/main/java/expo/modules/kotlin/AppContext.kt:343:21 'val DEFAULT: Int' is deprecated. UIManagerType.DEFAULT will be deleted in the next release of React Native. Use [LEGACY] instead.
w: file:///C:/Progetti/CardsOfMoralDecay/node_modules/expo-modules-core/android/src/main/java/expo/modules/kotlin/defaultmodules/NativeModulesProxyModule.kt:16:5 'fun Constants(legacyConstantsProvider: () -> Map<String, Any?>): Unit' is deprecated. Use `Constant` or `Property` instead.
w: file:///C:/Progetti/CardsOfMoralDecay/node_modules/expo-modules-core/android/src/main/java/expo/modules/kotlin/jni/PromiseImpl.kt:65:51 'val errorManager: JSLoggerModule?' is deprecated. Use AppContext.jsLogger instead.
w: file:///C:/Progetti/CardsOfMoralDecay/node_modules/expo-modules-core/android/src/main/java/expo/modules/kotlin/jni/PromiseImpl.kt:69:22 'fun reportExceptionToLogBox(codedException: CodedException): Unit' is deprecated. Use appContext.jsLogger.error(...) instead.
w: file:///C:/Progetti/CardsOfMoralDecay/node_modules/expo-modules-core/android/src/main/java/expo/modules/kotlin/views/ViewDefinitionBuilder.kt:464:16 'val errorManager: JSLoggerModule?' is deprecated. Use AppContext.jsLogger instead.
w: file:///C:/Progetti/CardsOfMoralDecay/node_modules/expo-modules-core/android/src/main/java/expo/modules/kotlin/views/ViewDefinitionBuilder.kt:464:30 'fun reportExceptionToLogBox(codedException: CodedException): Unit' is deprecated. Use appContext.jsLogger.error(...) instead.
w: file:///C:/Progetti/CardsOfMoralDecay/node_modules/expo-modules-core/android/src/main/java/expo/modules/kotlin/views/ViewManagerDefinition.kt:41:16 'val errorManager: JSLoggerModule?' is deprecated. Use AppContext.jsLogger instead.
w: file:///C:/Progetti/CardsOfMoralDecay/node_modules/expo-modules-core/android/src/main/java/expo/modules/kotlin/views/ViewManagerDefinition.kt:41:30 'fun reportExceptionToLogBox(codedException: CodedException): Unit' is deprecated. Use appContext.jsLogger.error(...) instead.

> Task :app:createBundleReleaseJsAndAssets
Android node_modules\expo\AppEntry.js ░░░░░░░░░░░░░░░░  0.0% (0/1)
Android node_modules\expo\AppEntry.js ▓▓▓░░░░░░░░░░░░░ 24.1% (159/382)
Android node_modules\expo\AppEntry.js ▓▓▓▓▓▓▓▓░░░░░░░░ 53.4% (632/885)
Android node_modules\expo\AppEntry.js ▓▓▓▓▓▓▓▓▓▓▓░░░░░ 74.3% (1004/1165)
Android node_modules\expo\AppEntry.js ▓▓▓▓▓▓▓▓▓▓▓▓▓▓▓░ 99.9% (1616/1616)
Android Bundled 16114ms node_modules\expo\AppEntry.js (1616 modules)
Writing bundle output to: android\app\build\generated\assets\createBundleReleaseJsAndAssets\index.android.bundle
Writing sourcemap output to: android\app\build\intermediates\sourcemaps\react\release\index.android.bundle.packager.map
Copying 51 asset files
Done writing bundle output
Done writing sourcemap output

> Task :expo-modules-core:compileReleaseJavaWithJavac
Note: Some input files use or override a deprecated API.
Note: Recompile with -Xlint:deprecation for details.

> Task :app:generateReleaseResValues
> Task :app:processReleaseGoogleServices
> Task :app:checkReleaseAarMetadata
> Task :expo-modules-core:bundleLibCompileToJarRelease
> Task :app:mapReleaseSourceSetPaths
> Task :app:generateReleaseResources

> Task :expo-constants:compileReleaseKotlin
w: file:///C:/Progetti/CardsOfMoralDecay/node_modules/expo-constants/android/src/main/java/expo/modules/constants/ConstantsModule.kt:12:5 'fun Constants(legacyConstantsProvider: () -> Map<String, Any?>): Unit' is deprecated. Use `Constant` or `Property` instead.

> Task :expo-modules-core:bundleLibRuntimeToDirRelease
> Task :expo-constants:compileReleaseJavaWithJavac
> Task :expo-constants:bundleLibCompileToJarRelease
> Task :expo-constants:bundleLibRuntimeToDirRelease
> Task :app:packageReleaseResources
> Task :app:createReleaseCompatibleScreenManifests
> Task :app:parseReleaseLocalResources
> Task :app:extractDeepLinksRelease
> Task :expo:extractDeepLinksRelease
> Task :expo-constants:extractDeepLinksRelease
> Task :expo-modules-core:extractDeepLinksRelease
> Task :react-native-async-storage_async-storage:extractDeepLinksRelease
> Task :react-native-masked-view_masked-view:extractDeepLinksRelease
> Task :react-native-pager-view:extractDeepLinksRelease
> Task :react-native-masked-view_masked-view:processReleaseManifest
> Task :expo-constants:processReleaseManifest

> Task :expo-modules-core:processReleaseManifest
C:\Progetti\CardsOfMoralDecay\node_modules\expo-modules-core\android\src\main\AndroidManifest.xml:8:9-11:45 Warning:
	meta-data#com.facebook.soloader.enabled@android:value was tagged at AndroidManifest.xml:8 to replace other declarations but no other declaration present

> Task :react-native-async-storage_async-storage:processReleaseManifest
package="com.reactnativecommunity.asyncstorage" found in source AndroidManifest.xml: C:\Progetti\CardsOfMoralDecay\node_modules\@react-native-async-storage\async-storage\android\src\main\AndroidManifest.xml.
Setting the namespace via the package attribute in the source AndroidManifest.xml is no longer supported, and the value is ignored.
Recommendation: remove package="com.reactnativecommunity.asyncstorage" from the source AndroidManifest.xml: C:\Progetti\CardsOfMoralDecay\node_modules\@react-native-async-storage\async-storage\android\src\main\AndroidManifest.xml.

> Task :expo:processReleaseManifest
> Task :react-native-reanimated:extractDeepLinksRelease
> Task :react-native-pager-view:processReleaseManifest
> Task :react-native-safe-area-context:extractDeepLinksRelease
> Task :react-native-reanimated:processReleaseManifest
> Task :react-native-screens:extractDeepLinksRelease

> Task :react-native-safe-area-context:processReleaseManifest
package="com.th3rdwave.safeareacontext" found in source AndroidManifest.xml: C:\Progetti\CardsOfMoralDecay\node_modules\react-native-safe-area-context\android\src\main\AndroidManifest.xml.
Setting the namespace via the package attribute in the source AndroidManifest.xml is no longer supported, and the value is ignored.
Recommendation: remove package="com.th3rdwave.safeareacontext" from the source AndroidManifest.xml: C:\Progetti\CardsOfMoralDecay\node_modules\react-native-safe-area-context\android\src\main\AndroidManifest.xml.

> Task :react-native-svg:extractDeepLinksRelease
> Task :react-native-screens:processReleaseManifest
> Task :react-native-worklets:extractDeepLinksRelease
> Task :react-native-svg:processReleaseManifest
> Task :stripe_stripe-react-native:extractDeepLinksRelease
> Task :react-native-worklets:processReleaseManifest

> Task :stripe_stripe-react-native:processReleaseManifest
package="com.reactnativestripesdk" found in source AndroidManifest.xml: C:\Progetti\CardsOfMoralDecay\node_modules\@stripe\stripe-react-native\android\src\main\AndroidManifest.xml.
Setting the namespace via the package attribute in the source AndroidManifest.xml is no longer supported, and the value is ignored.
Recommendation: remove package="com.reactnativestripesdk" from the source AndroidManifest.xml: C:\Progetti\CardsOfMoralDecay\node_modules\@stripe\stripe-react-native\android\src\main\AndroidManifest.xml.

> Task :expo:compileReleaseLibraryResources

> Task :app:processReleaseMainManifest
C:\Progetti\CardsOfMoralDecay\android\app\src\main\AndroidManifest.xml Warning:
	provider#expo.modules.filesystem.FileSystemFileProvider@android:authorities was tagged at AndroidManifest.xml:0 to replace other declarations but no other declaration present

> Task :app:processReleaseManifest
> Task :expo-constants:compileReleaseLibraryResources
> Task :expo-modules-core:compileReleaseLibraryResources
> Task :react-native-async-storage_async-storage:compileReleaseLibraryResources
> Task :react-native-masked-view_masked-view:compileReleaseLibraryResources
> Task :react-native-pager-view:compileReleaseLibraryResources
> Task :react-native-reanimated:compileReleaseLibraryResources
> Task :react-native-safe-area-context:compileReleaseLibraryResources
> Task :react-native-worklets:compileReleaseLibraryResources
> Task :react-native-svg:compileReleaseLibraryResources
> Task :stripe_stripe-react-native:compileReleaseLibraryResources
> Task :react-native-async-storage_async-storage:bundleLibCompileToJarRelease
> Task :react-native-masked-view_masked-view:bundleLibCompileToJarRelease
> Task :react-native-screens:compileReleaseLibraryResources
> Task :react-native-pager-view:bundleLibCompileToJarRelease
> Task :react-native-reanimated:bundleLibCompileToJarRelease
> Task :react-native-safe-area-context:bundleLibCompileToJarRelease
> Task :app:javaPreCompileRelease
> Task :app:desugarReleaseFileDependencies
> Task :app:mergeReleaseStartupProfile UP-TO-DATE
> Task :stripe_stripe-react-native:bundleLibCompileToJarRelease
> Task :react-native-screens:bundleLibCompileToJarRelease
> Task :react-native-svg:bundleLibCompileToJarRelease
> Task :expo:prepareReleaseArtProfile UP-TO-DATE
> Task :expo-constants:prepareReleaseArtProfile UP-TO-DATE
> Task :expo-modules-core:prepareReleaseArtProfile UP-TO-DATE
> Task :react-native-async-storage_async-storage:prepareReleaseArtProfile UP-TO-DATE
> Task :react-native-masked-view_masked-view:prepareReleaseArtProfile UP-TO-DATE
> Task :react-native-pager-view:prepareReleaseArtProfile UP-TO-DATE
> Task :react-native-reanimated:prepareReleaseArtProfile UP-TO-DATE
> Task :react-native-safe-area-context:prepareReleaseArtProfile UP-TO-DATE
> Task :react-native-screens:prepareReleaseArtProfile UP-TO-DATE
> Task :react-native-svg:prepareReleaseArtProfile UP-TO-DATE
> Task :react-native-worklets:prepareReleaseArtProfile UP-TO-DATE
> Task :stripe_stripe-react-native:prepareReleaseArtProfile UP-TO-DATE
> Task :app:processReleaseManifestForPackage
> Task :react-native-pager-view:bundleLibRuntimeToJarRelease
> Task :react-native-safe-area-context:bundleLibRuntimeToJarRelease
> Task :stripe_stripe-react-native:bundleLibRuntimeToJarRelease
> Task :react-native-async-storage_async-storage:bundleLibRuntimeToJarRelease
> Task :react-native-masked-view_masked-view:bundleLibRuntimeToJarRelease
> Task :app:mergeReleaseArtProfile
> Task :react-native-reanimated:bundleLibRuntimeToJarRelease
> Task :react-native-screens:bundleLibRuntimeToJarRelease
> Task :react-native-svg:bundleLibRuntimeToJarRelease
> Task :react-native-worklets:bundleLibRuntimeToJarRelease
> Task :expo-constants:bundleLibRuntimeToJarRelease
> Task :app:mergeReleaseShaders
> Task :app:compileReleaseShaders NO-SOURCE
> Task :app:generateReleaseAssets UP-TO-DATE
> Task :expo:mergeReleaseShaders
> Task :expo:compileReleaseShaders NO-SOURCE
> Task :expo:generateReleaseAssets UP-TO-DATE
> Task :expo:mergeReleaseAssets
> Task :expo-constants:mergeReleaseShaders
> Task :expo-constants:compileReleaseShaders NO-SOURCE
> Task :expo-constants:generateReleaseAssets UP-TO-DATE
> Task :expo-constants:mergeReleaseAssets
> Task :expo-modules-core:mergeReleaseShaders
> Task :expo-modules-core:compileReleaseShaders NO-SOURCE
> Task :expo-modules-core:generateReleaseAssets UP-TO-DATE
> Task :expo-modules-core:mergeReleaseAssets
> Task :react-native-async-storage_async-storage:mergeReleaseShaders
> Task :react-native-async-storage_async-storage:compileReleaseShaders NO-SOURCE
> Task :react-native-async-storage_async-storage:generateReleaseAssets UP-TO-DATE
> Task :react-native-async-storage_async-storage:mergeReleaseAssets
> Task :react-native-masked-view_masked-view:mergeReleaseShaders
> Task :react-native-masked-view_masked-view:compileReleaseShaders NO-SOURCE
> Task :react-native-masked-view_masked-view:generateReleaseAssets UP-TO-DATE
> Task :react-native-masked-view_masked-view:mergeReleaseAssets
> Task :react-native-pager-view:mergeReleaseShaders
> Task :react-native-pager-view:compileReleaseShaders NO-SOURCE
> Task :react-native-pager-view:generateReleaseAssets UP-TO-DATE
> Task :react-native-pager-view:mergeReleaseAssets
> Task :react-native-reanimated:mergeReleaseShaders
> Task :react-native-reanimated:compileReleaseShaders NO-SOURCE
> Task :react-native-reanimated:generateReleaseAssets UP-TO-DATE
> Task :react-native-reanimated:mergeReleaseAssets
> Task :react-native-safe-area-context:mergeReleaseShaders
> Task :react-native-safe-area-context:compileReleaseShaders NO-SOURCE
> Task :react-native-safe-area-context:generateReleaseAssets UP-TO-DATE
> Task :expo-modules-core:bundleLibRuntimeToJarRelease
> Task :react-native-safe-area-context:mergeReleaseAssets
> Task :react-native-screens:mergeReleaseShaders
> Task :react-native-screens:compileReleaseShaders NO-SOURCE
> Task :react-native-screens:generateReleaseAssets UP-TO-DATE
> Task :react-native-screens:mergeReleaseAssets
> Task :react-native-svg:mergeReleaseShaders
> Task :react-native-svg:compileReleaseShaders NO-SOURCE
> Task :react-native-svg:generateReleaseAssets UP-TO-DATE
> Task :react-native-svg:mergeReleaseAssets
> Task :react-native-worklets:mergeReleaseShaders
> Task :react-native-worklets:compileReleaseShaders NO-SOURCE
> Task :react-native-worklets:generateReleaseAssets UP-TO-DATE
> Task :react-native-worklets:mergeReleaseAssets
> Task :stripe_stripe-react-native:mergeReleaseShaders
> Task :stripe_stripe-react-native:compileReleaseShaders NO-SOURCE
> Task :stripe_stripe-react-native:generateReleaseAssets UP-TO-DATE
> Task :stripe_stripe-react-native:mergeReleaseAssets
> Task :app:mergeReleaseAssets
> Task :app:compressReleaseAssets
> Task :app:extractReleaseVersionControlInfo
> Task :expo-constants:processReleaseJavaRes
> Task :expo-modules-core:processReleaseJavaRes
> Task :react-native-async-storage_async-storage:processReleaseJavaRes NO-SOURCE
> Task :react-native-masked-view_masked-view:processReleaseJavaRes NO-SOURCE
> Task :react-native-pager-view:processReleaseJavaRes
> Task :react-native-reanimated:processReleaseJavaRes NO-SOURCE
> Task :react-native-safe-area-context:processReleaseJavaRes
> Task :react-native-screens:processReleaseJavaRes
> Task :react-native-svg:processReleaseJavaRes NO-SOURCE
> Task :react-native-worklets:processReleaseJavaRes NO-SOURCE
> Task :stripe_stripe-react-native:processReleaseJavaRes

> Task :expo:compileReleaseKotlin
w: file:///C:/Progetti/CardsOfMoralDecay/node_modules/expo/android/src/main/java/expo/modules/ExpoModulesPackage.kt:34:16 This declaration overrides a deprecated member but is not marked as deprecated itself. Add the '@Deprecated' annotation or suppress the diagnostic.
w: file:///C:/Progetti/CardsOfMoralDecay/node_modules/expo/android/src/main/java/expo/modules/ExpoReactHostFactory.kt:8:8 'class ReactNativeHost : Any' is deprecated. Deprecated in Java.
w: file:///C:/Progetti/CardsOfMoralDecay/node_modules/expo/android/src/main/java/expo/modules/ExpoReactHostFactory.kt:80:22 'class ReactNativeHost : Any' is deprecated. Deprecated in Java.
w: file:///C:/Progetti/CardsOfMoralDecay/node_modules/expo/android/src/main/java/expo/modules/ReactActivityDelegateWrapper.kt:24:8 'class ReactNativeHost : Any' is deprecated. Deprecated in Java.
w: file:///C:/Progetti/CardsOfMoralDecay/node_modules/expo/android/src/main/java/expo/modules/ReactActivityDelegateWrapper.kt:58:33 'class ReactNativeHost : Any' is deprecated. Deprecated in Java.
w: file:///C:/Progetti/CardsOfMoralDecay/node_modules/expo/android/src/main/java/expo/modules/ReactActivityDelegateWrapper.kt:105:16 This declaration overrides a deprecated member but is not marked as deprecated itself. Add the '@Deprecated' annotation or suppress the diagnostic.
w: file:///C:/Progetti/CardsOfMoralDecay/node_modules/expo/android/src/main/java/expo/modules/ReactActivityDelegateWrapper.kt:105:38 'class ReactNativeHost : Any' is deprecated. Deprecated in Java.
w: file:///C:/Progetti/CardsOfMoralDecay/node_modules/expo/android/src/main/java/expo/modules/ReactActivityDelegateWrapper.kt:113:16 This declaration overrides a deprecated member but is not marked as deprecated itself. Add the '@Deprecated' annotation or suppress the diagnostic.
w: file:///C:/Progetti/CardsOfMoralDecay/node_modules/expo/android/src/main/java/expo/modules/ReactActivityDelegateWrapper.kt:114:21 'val reactInstanceManager: ReactInstanceManager' is deprecated. Deprecated in Java.
w: file:///C:/Progetti/CardsOfMoralDecay/node_modules/expo/android/src/main/java/expo/modules/ReactActivityDelegateWrapper.kt:168:36 'constructor(activity: Activity, reactNativeHost: ReactNativeHost?, appKey: String?, launchOptions: Bundle?, fabricEnabled: Boolean): ReactDelegate' is deprecated. Deprecated since 0.81.0, use one of the other constructors instead.
w: file:///C:/Progetti/CardsOfMoralDecay/node_modules/expo/android/src/main/java/expo/modules/ReactActivityDelegateWrapper.kt:279:77 'val reactInstanceManager: ReactInstanceManager' is deprecated. Deprecated in Java.
w: file:///C:/Progetti/CardsOfMoralDecay/node_modules/expo/android/src/main/java/expo/modules/ReactActivityDelegateWrapper.kt:282:22 'val reactInstanceManager: ReactInstanceManager' is deprecated. Deprecated in Java.
w: file:///C:/Progetti/CardsOfMoralDecay/node_modules/expo/android/src/main/java/expo/modules/ReactActivityDelegateWrapper.kt:286:54 'val reactInstanceManager: ReactInstanceManager' is deprecated. Deprecated in Java.
w: file:///C:/Progetti/CardsOfMoralDecay/node_modules/expo/android/src/main/java/expo/modules/ReactNativeHostWrapper.kt:6:8 'class ReactNativeHost : Any' is deprecated. Deprecated in Java.
w: file:///C:/Progetti/CardsOfMoralDecay/node_modules/expo/android/src/main/java/expo/modules/ReactNativeHostWrapper.kt:15:9 'class ReactNativeHost : Any' is deprecated. Deprecated in Java.
w: file:///C:/Progetti/CardsOfMoralDecay/node_modules/expo/android/src/main/java/expo/modules/ReactNativeHostWrapper.kt:47:60 'class ReactNativeHost : Any' is deprecated. Deprecated in Java.
w: file:///C:/Progetti/CardsOfMoralDecay/node_modules/expo/android/src/main/java/expo/modules/ReactNativeHostWrapperBase.kt:7:8 'class ReactNativeHost : Any' is deprecated. Deprecated in Java.
w: file:///C:/Progetti/CardsOfMoralDecay/node_modules/expo/android/src/main/java/expo/modules/ReactNativeHostWrapperBase.kt:16:23 'class ReactNativeHost : Any' is deprecated. Deprecated in Java.
w: file:///C:/Progetti/CardsOfMoralDecay/node_modules/expo/android/src/main/java/expo/modules/ReactNativeHostWrapperBase.kt:89:16 'class ReactNativeHost : Any' is deprecated. Deprecated in Java.
w: file:///C:/Progetti/CardsOfMoralDecay/node_modules/expo/android/src/main/java/expo/modules/ReactNativeHostWrapperBase.kt:101:38 'class ReactNativeHost : Any' is deprecated. Deprecated in Java.
w: file:///C:/Progetti/CardsOfMoralDecay/node_modules/expo/android/src/main/java/expo/modules/fetch/ExpoFetchModule.kt:30:39 'constructor(reactContext: ReactContext): ForwardingCookieHandler' is deprecated. Use the default constructor.
w: file:///C:/Progetti/CardsOfMoralDecay/node_modules/expo/android/src/main/java/expo/modules/fetch/NativeResponse.kt:42:16 This declaration overrides a deprecated member but is not marked as deprecated itself. Add the '@Deprecated' annotation or suppress the diagnostic.
w: file:///C:/Progetti/CardsOfMoralDecay/node_modules/expo/android/src/main/java/expo/modules/fetch/NativeResponse.kt:44:11 'fun deallocate(): Unit' is deprecated. Use sharedObjectDidRelease() instead.

> Task :app:collectReleaseDependencies
> Task :app:sdkReleaseDependencyData
> Task :app:mergeReleaseResources
> Task :expo:compileReleaseJavaWithJavac
> Task :expo:bundleLibRuntimeToDirRelease
> Task :expo:processReleaseJavaRes
> Task :expo:bundleLibCompileToJarRelease
> Task :expo:bundleLibRuntimeToJarRelease
> Task :app:validateSigningRelease
> Task :app:writeReleaseAppMetadata
> Task :app:writeReleaseSigningConfigVersions
> Task :expo:stripReleaseDebugSymbols NO-SOURCE
> Task :expo:copyReleaseJniLibsProjectAndLocalJars
> Task :expo:extractDeepLinksForAarRelease UP-TO-DATE
> Task :expo:extractReleaseAnnotations
> Task :expo:mergeReleaseGeneratedProguardFiles UP-TO-DATE
> Task :expo:mergeReleaseConsumerProguardFiles
> Task :expo:prepareLintJarForPublish UP-TO-DATE
> Task :expo:mapReleaseSourceSetPaths
> Task :expo:mergeReleaseJavaResource
> Task :expo:mergeReleaseResources
> Task :expo:syncReleaseLibJars
> Task :expo:bundleReleaseAar
> Task :expo-constants:stripReleaseDebugSymbols NO-SOURCE
> Task :expo-constants:copyReleaseJniLibsProjectAndLocalJars
> Task :expo-constants:extractDeepLinksForAarRelease UP-TO-DATE
> Task :expo-constants:extractReleaseAnnotations
> Task :expo-constants:mergeReleaseGeneratedProguardFiles UP-TO-DATE
> Task :expo-constants:mergeReleaseConsumerProguardFiles UP-TO-DATE
> Task :expo-constants:prepareLintJarForPublish UP-TO-DATE
> Task :expo-constants:mapReleaseSourceSetPaths
> Task :expo-constants:mergeReleaseJavaResource
> Task :expo-constants:mergeReleaseResources
> Task :expo-constants:syncReleaseLibJars
> Task :expo-constants:bundleReleaseAar
> Task :expo-modules-core:extractDeepLinksForAarRelease UP-TO-DATE
> Task :expo-modules-core:extractReleaseAnnotations
> Task :expo-modules-core:mergeReleaseGeneratedProguardFiles UP-TO-DATE
> Task :expo-modules-core:mergeReleaseConsumerProguardFiles
> Task :expo-modules-core:prepareLintJarForPublish UP-TO-DATE
> Task :expo-modules-core:mapReleaseSourceSetPaths
> Task :expo-modules-core:mergeReleaseJavaResource
> Task :expo-constants:verifyReleaseResources
> Task :expo-modules-core:stripReleaseDebugSymbols
> Task :app:mergeExtDexRelease
> Task :expo-modules-core:mergeReleaseResources
> Task :expo-constants:assembleRelease
> Task :expo-modules-core:copyReleaseJniLibsProjectAndLocalJars
> Task :expo-modules-core:syncReleaseLibJars
> Task :expo-modules-core:bundleReleaseAar
> Task :react-native-async-storage_async-storage:stripReleaseDebugSymbols NO-SOURCE
> Task :react-native-async-storage_async-storage:copyReleaseJniLibsProjectAndLocalJars
> Task :react-native-async-storage_async-storage:extractDeepLinksForAarRelease UP-TO-DATE
> Task :react-native-async-storage_async-storage:extractReleaseAnnotations
> Task :react-native-async-storage_async-storage:mergeReleaseGeneratedProguardFiles UP-TO-DATE
> Task :react-native-async-storage_async-storage:mergeReleaseConsumerProguardFiles UP-TO-DATE
> Task :react-native-async-storage_async-storage:prepareLintJarForPublish UP-TO-DATE
> Task :react-native-async-storage_async-storage:mapReleaseSourceSetPaths
> Task :react-native-async-storage_async-storage:mergeReleaseJavaResource
> Task :expo-modules-core:verifyReleaseResources
> Task :react-native-async-storage_async-storage:mergeReleaseResources
> Task :expo-modules-core:assembleRelease
> Task :react-native-async-storage_async-storage:syncReleaseLibJars
> Task :react-native-async-storage_async-storage:bundleReleaseAar
> Task :react-native-masked-view_masked-view:stripReleaseDebugSymbols NO-SOURCE
> Task :react-native-masked-view_masked-view:copyReleaseJniLibsProjectAndLocalJars
> Task :react-native-masked-view_masked-view:extractDeepLinksForAarRelease UP-TO-DATE
> Task :react-native-masked-view_masked-view:extractReleaseAnnotations
> Task :react-native-masked-view_masked-view:mergeReleaseGeneratedProguardFiles UP-TO-DATE
> Task :react-native-masked-view_masked-view:mergeReleaseConsumerProguardFiles UP-TO-DATE
> Task :react-native-masked-view_masked-view:prepareLintJarForPublish UP-TO-DATE
> Task :react-native-masked-view_masked-view:mergeReleaseJavaResource
> Task :react-native-masked-view_masked-view:mapReleaseSourceSetPaths
> Task :react-native-masked-view_masked-view:syncReleaseLibJars
> Task :react-native-masked-view_masked-view:bundleReleaseAar
> Task :react-native-async-storage_async-storage:verifyReleaseResources
> Task :react-native-masked-view_masked-view:mergeReleaseResources
> Task :react-native-async-storage_async-storage:assembleRelease
> Task :react-native-pager-view:stripReleaseDebugSymbols NO-SOURCE
> Task :react-native-pager-view:copyReleaseJniLibsProjectAndLocalJars
> Task :react-native-pager-view:extractDeepLinksForAarRelease UP-TO-DATE
> Task :react-native-pager-view:extractReleaseAnnotations
> Task :react-native-pager-view:mergeReleaseGeneratedProguardFiles UP-TO-DATE
> Task :react-native-pager-view:mergeReleaseConsumerProguardFiles UP-TO-DATE
> Task :react-native-pager-view:prepareLintJarForPublish UP-TO-DATE
> Task :react-native-pager-view:mergeReleaseJavaResource
> Task :expo:verifyReleaseResources
> Task :react-native-pager-view:mapReleaseSourceSetPaths
> Task :react-native-pager-view:syncReleaseLibJars
> Task :expo:assembleRelease
> Task :react-native-pager-view:bundleReleaseAar
> Task :react-native-masked-view_masked-view:verifyReleaseResources
> Task :react-native-pager-view:mergeReleaseResources
> Task :react-native-masked-view_masked-view:assembleRelease
> Task :react-native-reanimated:extractDeepLinksForAarRelease UP-TO-DATE
> Task :react-native-reanimated:extractReleaseAnnotations
> Task :react-native-reanimated:mergeReleaseGeneratedProguardFiles UP-TO-DATE
> Task :react-native-reanimated:mergeReleaseConsumerProguardFiles
> Task :react-native-reanimated:prepareLintJarForPublish UP-TO-DATE
> Task :react-native-reanimated:mapReleaseSourceSetPaths
> Task :react-native-reanimated:mergeReleaseJavaResource
> Task :react-native-reanimated:stripReleaseDebugSymbols
> Task :react-native-pager-view:verifyReleaseResources
> Task :react-native-reanimated:mergeReleaseResources
> Task :react-native-pager-view:assembleRelease
> Task :react-native-reanimated:syncReleaseLibJars
> Task :react-native-safe-area-context:stripReleaseDebugSymbols NO-SOURCE
> Task :react-native-safe-area-context:copyReleaseJniLibsProjectAndLocalJars
> Task :react-native-safe-area-context:extractDeepLinksForAarRelease UP-TO-DATE
> Task :react-native-safe-area-context:extractReleaseAnnotations
> Task :react-native-safe-area-context:mergeReleaseGeneratedProguardFiles UP-TO-DATE
> Task :react-native-safe-area-context:mergeReleaseConsumerProguardFiles UP-TO-DATE
> Task :react-native-safe-area-context:prepareLintJarForPublish UP-TO-DATE
> Task :react-native-safe-area-context:mapReleaseSourceSetPaths
> Task :react-native-safe-area-context:mergeReleaseJavaResource
> Task :react-native-reanimated:copyReleaseJniLibsProjectAndLocalJars
> Task :react-native-reanimated:verifyReleaseResources
> Task :react-native-safe-area-context:mergeReleaseResources
> Task :app:processReleaseResources
> Task :react-native-reanimated:bundleReleaseAar
> Task :react-native-reanimated:assembleRelease
> Task :react-native-safe-area-context:syncReleaseLibJars
> Task :react-native-safe-area-context:bundleReleaseAar
> Task :react-native-screens:extractDeepLinksForAarRelease UP-TO-DATE
> Task :react-native-screens:extractReleaseAnnotations
> Task :react-native-screens:mergeReleaseGeneratedProguardFiles UP-TO-DATE
> Task :react-native-screens:mergeReleaseConsumerProguardFiles UP-TO-DATE
> Task :react-native-screens:prepareLintJarForPublish UP-TO-DATE
> Task :react-native-screens:mapReleaseSourceSetPaths
> Task :react-native-screens:mergeReleaseJavaResource
> Task :react-native-screens:stripReleaseDebugSymbols

> Task :app:compileReleaseKotlin
w: file:///C:/Progetti/CardsOfMoralDecay/android/app/src/main/java/com/anonymous/cardsofmoraldecay/MainApplication.kt:9:8 'class ReactNativeHost : Any' is deprecated. Deprecated in Java.
w: file:///C:/Progetti/CardsOfMoralDecay/android/app/src/main/java/com/anonymous/cardsofmoraldecay/MainApplication.kt:21:16 This declaration overrides a deprecated member but is not marked as deprecated itself. Add the '@Deprecated' annotation or suppress the diagnostic.
w: file:///C:/Progetti/CardsOfMoralDecay/android/app/src/main/java/com/anonymous/cardsofmoraldecay/MainApplication.kt:21:33 'class ReactNativeHost : Any' is deprecated. Deprecated in Java.

> Task :react-native-safe-area-context:verifyReleaseResources
> Task :react-native-screens:mergeReleaseResources
> Task :app:compileReleaseJavaWithJavac
> Task :app:dexBuilderRelease
> Task :app:processReleaseJavaRes
> Task :react-native-safe-area-context:assembleRelease
> Task :react-native-screens:copyReleaseJniLibsProjectAndLocalJars
> Task :app:mergeReleaseGlobalSynthetics
> Task :app:optimizeReleaseResources
> Task :react-native-screens:syncReleaseLibJars
> Task :react-native-screens:bundleReleaseAar
> Task :react-native-svg:stripReleaseDebugSymbols NO-SOURCE
> Task :react-native-svg:copyReleaseJniLibsProjectAndLocalJars
> Task :react-native-svg:extractDeepLinksForAarRelease UP-TO-DATE
> Task :react-native-svg:extractReleaseAnnotations
> Task :react-native-svg:mergeReleaseGeneratedProguardFiles UP-TO-DATE
> Task :react-native-svg:mergeReleaseConsumerProguardFiles
> Task :react-native-svg:prepareLintJarForPublish UP-TO-DATE
> Task :react-native-svg:mergeReleaseJavaResource
> Task :react-native-svg:mapReleaseSourceSetPaths
> Task :react-native-svg:syncReleaseLibJars
> Task :react-native-svg:bundleReleaseAar
> Task :react-native-svg:mergeReleaseResources
> Task :react-native-worklets:extractDeepLinksForAarRelease UP-TO-DATE
> Task :react-native-worklets:extractReleaseAnnotations
> Task :react-native-worklets:mergeReleaseGeneratedProguardFiles UP-TO-DATE
> Task :react-native-worklets:mergeReleaseConsumerProguardFiles
> Task :react-native-worklets:prepareLintJarForPublish UP-TO-DATE
> Task :react-native-worklets:stripReleaseDebugSymbols
> Task :react-native-worklets:mergeReleaseJavaResource
> Task :react-native-worklets:mapReleaseSourceSetPaths
> Task :react-native-worklets:syncReleaseLibJars
> Task :react-native-worklets:copyReleaseJniLibsProjectAndLocalJars
> Task :react-native-screens:verifyReleaseResources
> Task :react-native-svg:verifyReleaseResources
> Task :react-native-worklets:mergeReleaseResources
> Task :react-native-screens:assembleRelease
> Task :react-native-svg:assembleRelease
> Task :app:mergeReleaseJavaResource
> Task :app:mergeDexRelease
> Task :react-native-worklets:bundleReleaseAar
> Task :stripe_stripe-react-native:stripReleaseDebugSymbols NO-SOURCE
> Task :stripe_stripe-react-native:copyReleaseJniLibsProjectAndLocalJars
> Task :stripe_stripe-react-native:extractDeepLinksForAarRelease UP-TO-DATE
> Task :stripe_stripe-react-native:extractReleaseAnnotations
> Task :stripe_stripe-react-native:mergeReleaseGeneratedProguardFiles UP-TO-DATE
> Task :stripe_stripe-react-native:mergeReleaseConsumerProguardFiles
> Task :stripe_stripe-react-native:prepareLintJarForPublish UP-TO-DATE
> Task :stripe_stripe-react-native:mergeReleaseJavaResource
> Task :stripe_stripe-react-native:mapReleaseSourceSetPaths
> Task :stripe_stripe-react-native:syncReleaseLibJars
> Task :stripe_stripe-react-native:bundleReleaseAar
> Task :react-native-worklets:verifyReleaseResources
> Task :app:compileReleaseArtProfile
> Task :stripe_stripe-react-native:mergeReleaseResources
> Task :react-native-worklets:assembleRelease
> Task :app:packageRelease
> Task :app:createReleaseApkListingFileRedirect
> Task :app:assembleRelease
> Task :stripe_stripe-react-native:verifyReleaseResources
> Task :stripe_stripe-react-native:assembleRelease

[Incubating] Problems report is available at: file:///C:/Progetti/CardsOfMoralDecay/android/build/reports/problems/problems-report.html

Deprecated Gradle features were used in this build, making it incompatible with Gradle 9.0.

You can use '--warning-mode all' to show the individual deprecation warnings and determine if they come from your own scripts or plugins.

For more on this, please refer to https://docs.gradle.org/8.14.3/userguide/command_line_interface.html#sec:command_line_warnings in the Gradle documentation.

BUILD SUCCESSFUL in 16m 39s
552 actionable tasks: 471 executed, 81 up-to-date
